{"/mnt/c/uni/git/recommender/src/app.js": {"path":"/mnt/c/uni/git/recommender/src/app.js","statementMap":{"0":{"start":{"line":1,"column":13},"end":{"line":1,"column":28}},"1":{"start":{"line":2,"column":16},"end":{"line":2,"column":34}},"2":{"start":{"line":3,"column":12},"end":{"line":3,"column":26}},"3":{"start":{"line":4,"column":18},"end":{"line":4,"column":40}},"4":{"start":{"line":5,"column":15},"end":{"line":5,"column":32}},"5":{"start":{"line":6,"column":17},"end":{"line":6,"column":36}},"6":{"start":{"line":7,"column":14},"end":{"line":7,"column":38}},"7":{"start":{"line":8,"column":16},"end":{"line":8,"column":42}},"8":{"start":{"line":9,"column":23},"end":{"line":9,"column":49}},"9":{"start":{"line":10,"column":15},"end":{"line":10,"column":49}},"10":{"start":{"line":11,"column":12},"end":{"line":11,"column":21}},"11":{"start":{"line":12,"column":20},"end":{"line":12,"column":51}},"12":{"start":{"line":13,"column":19},"end":{"line":13,"column":41}},"13":{"start":{"line":14,"column":17},"end":{"line":14,"column":35}},"14":{"start":{"line":15,"column":15},"end":{"line":15,"column":42}},"15":{"start":{"line":16,"column":11},"end":{"line":16,"column":39}},"16":{"start":{"line":18,"column":14},"end":{"line":18,"column":16}},"17":{"start":{"line":21,"column":18},"end":{"line":21,"column":27}},"18":{"start":{"line":24,"column":28},"end":{"line":24,"column":61}},"19":{"start":{"line":25,"column":18},"end":{"line":25,"column":60}},"20":{"start":{"line":26,"column":21},"end":{"line":26,"column":66}},"21":{"start":{"line":27,"column":17},"end":{"line":27,"column":51}},"22":{"start":{"line":30,"column":0},"end":{"line":30,"column":29}},"23":{"start":{"line":31,"column":0},"end":{"line":31,"column":27}},"24":{"start":{"line":32,"column":0},"end":{"line":32,"column":34}},"25":{"start":{"line":34,"column":0},"end":{"line":34,"column":52}},"26":{"start":{"line":36,"column":0},"end":{"line":36,"column":44}},"27":{"start":{"line":38,"column":0},"end":{"line":38,"column":16}},"28":{"start":{"line":40,"column":0},"end":{"line":48,"column":3}},"29":{"start":{"line":50,"column":0},"end":{"line":50,"column":34}},"30":{"start":{"line":51,"column":0},"end":{"line":54,"column":2}},"31":{"start":{"line":52,"column":4},"end":{"line":52,"column":54}},"32":{"start":{"line":53,"column":4},"end":{"line":53,"column":10}},"33":{"start":{"line":55,"column":0},"end":{"line":55,"column":23}},"34":{"start":{"line":57,"column":0},"end":{"line":57,"column":50}},"35":{"start":{"line":61,"column":0},"end":{"line":61,"column":30}},"36":{"start":{"line":62,"column":0},"end":{"line":62,"column":27}},"37":{"start":{"line":67,"column":0},"end":{"line":77,"column":8}},"38":{"start":{"line":69,"column":8},"end":{"line":76,"column":11}},"39":{"start":{"line":70,"column":12},"end":{"line":70,"column":40}},"40":{"start":{"line":70,"column":23},"end":{"line":70,"column":38}},"41":{"start":{"line":71,"column":12},"end":{"line":71,"column":50}},"42":{"start":{"line":71,"column":25},"end":{"line":71,"column":48}},"43":{"start":{"line":74,"column":12},"end":{"line":74,"column":70}},"44":{"start":{"line":74,"column":45},"end":{"line":74,"column":68}},"45":{"start":{"line":75,"column":12},"end":{"line":75,"column":34}},"46":{"start":{"line":80,"column":0},"end":{"line":82,"column":3}},"47":{"start":{"line":81,"column":4},"end":{"line":81,"column":22}},"48":{"start":{"line":84,"column":0},"end":{"line":89,"column":3}},"49":{"start":{"line":85,"column":4},"end":{"line":88,"column":7}},"50":{"start":{"line":86,"column":8},"end":{"line":86,"column":36}},"51":{"start":{"line":86,"column":19},"end":{"line":86,"column":34}},"52":{"start":{"line":87,"column":8},"end":{"line":87,"column":23}},"53":{"start":{"line":93,"column":0},"end":{"line":98,"column":2}},"54":{"start":{"line":95,"column":4},"end":{"line":97,"column":6}},"55":{"start":{"line":100,"column":0},"end":{"line":117,"column":2}},"56":{"start":{"line":101,"column":4},"end":{"line":114,"column":5}},"57":{"start":{"line":104,"column":21},"end":{"line":104,"column":50}},"58":{"start":{"line":105,"column":29},"end":{"line":105,"column":222}},"59":{"start":{"line":107,"column":8},"end":{"line":107,"column":87}},"60":{"start":{"line":108,"column":8},"end":{"line":108,"column":54}},"61":{"start":{"line":110,"column":8},"end":{"line":110,"column":35}},"62":{"start":{"line":112,"column":8},"end":{"line":112,"column":35}},"63":{"start":{"line":113,"column":8},"end":{"line":113,"column":33}},"64":{"start":{"line":120,"column":0},"end":{"line":124,"column":2}},"65":{"start":{"line":121,"column":4},"end":{"line":123,"column":6}},"66":{"start":{"line":126,"column":0},"end":{"line":129,"column":3}},"67":{"start":{"line":131,"column":0},"end":{"line":135,"column":2}},"68":{"start":{"line":133,"column":4},"end":{"line":133,"column":16}},"69":{"start":{"line":134,"column":4},"end":{"line":134,"column":21}},"70":{"start":{"line":137,"column":0},"end":{"line":174,"column":2}},"71":{"start":{"line":138,"column":15},"end":{"line":138,"column":56}},"72":{"start":{"line":140,"column":4},"end":{"line":173,"column":5}},"73":{"start":{"line":141,"column":8},"end":{"line":166,"column":9}},"74":{"start":{"line":143,"column":27},"end":{"line":143,"column":93}},"75":{"start":{"line":144,"column":24},"end":{"line":144,"column":42}},"76":{"start":{"line":145,"column":25},"end":{"line":145,"column":63}},"77":{"start":{"line":146,"column":25},"end":{"line":146,"column":63}},"78":{"start":{"line":147,"column":25},"end":{"line":147,"column":63}},"79":{"start":{"line":149,"column":28},"end":{"line":149,"column":71}},"80":{"start":{"line":151,"column":12},"end":{"line":162,"column":14}},"81":{"start":{"line":165,"column":12},"end":{"line":165,"column":42}},"82":{"start":{"line":168,"column":8},"end":{"line":168,"column":67}},"83":{"start":{"line":169,"column":8},"end":{"line":172,"column":10}},"84":{"start":{"line":177,"column":0},"end":{"line":204,"column":2}},"85":{"start":{"line":179,"column":4},"end":{"line":181,"column":5}},"86":{"start":{"line":180,"column":8},"end":{"line":180,"column":32}},"87":{"start":{"line":182,"column":4},"end":{"line":198,"column":5}},"88":{"start":{"line":183,"column":22},"end":{"line":183,"column":66}},"89":{"start":{"line":184,"column":4},"end":{"line":189,"column":6}},"90":{"start":{"line":191,"column":8},"end":{"line":191,"column":38}},"91":{"start":{"line":192,"column":8},"end":{"line":196,"column":10}},"92":{"start":{"line":207,"column":0},"end":{"line":234,"column":2}},"93":{"start":{"line":208,"column":4},"end":{"line":211,"column":5}},"94":{"start":{"line":210,"column":8},"end":{"line":210,"column":32}},"95":{"start":{"line":212,"column":20},"end":{"line":212,"column":38}},"96":{"start":{"line":213,"column":4},"end":{"line":213,"column":47}},"97":{"start":{"line":218,"column":17},"end":{"line":218,"column":64}},"98":{"start":{"line":219,"column":4},"end":{"line":219,"column":31}},"99":{"start":{"line":220,"column":4},"end":{"line":226,"column":5}},"100":{"start":{"line":221,"column":20},"end":{"line":221,"column":73}},"101":{"start":{"line":222,"column":20},"end":{"line":222,"column":65}},"102":{"start":{"line":224,"column":8},"end":{"line":224,"column":45}},"103":{"start":{"line":225,"column":8},"end":{"line":225,"column":64}},"104":{"start":{"line":230,"column":4},"end":{"line":230,"column":33}},"105":{"start":{"line":232,"column":4},"end":{"line":232,"column":24}},"106":{"start":{"line":238,"column":0},"end":{"line":240,"column":2}},"107":{"start":{"line":239,"column":4},"end":{"line":239,"column":45}},"108":{"start":{"line":259,"column":0},"end":{"line":310,"column":2}},"109":{"start":{"line":260,"column":4},"end":{"line":268,"column":6}},"110":{"start":{"line":261,"column":8},"end":{"line":267,"column":9}},"111":{"start":{"line":262,"column":12},"end":{"line":262,"column":29}},"112":{"start":{"line":263,"column":12},"end":{"line":263,"column":47}},"113":{"start":{"line":264,"column":12},"end":{"line":264,"column":66}},"114":{"start":{"line":266,"column":12},"end":{"line":266,"column":26}},"115":{"start":{"line":269,"column":4},"end":{"line":287,"column":6}},"116":{"start":{"line":270,"column":8},"end":{"line":285,"column":9}},"117":{"start":{"line":272,"column":33},"end":{"line":272,"column":66}},"118":{"start":{"line":273,"column":24},"end":{"line":273,"column":69}},"119":{"start":{"line":274,"column":24},"end":{"line":274,"column":69}},"120":{"start":{"line":277,"column":12},"end":{"line":277,"column":70}},"121":{"start":{"line":279,"column":12},"end":{"line":282,"column":14}},"122":{"start":{"line":284,"column":12},"end":{"line":284,"column":26}},"123":{"start":{"line":288,"column":4},"end":{"line":297,"column":6}},"124":{"start":{"line":289,"column":8},"end":{"line":296,"column":10}},"125":{"start":{"line":290,"column":12},"end":{"line":295,"column":13}},"126":{"start":{"line":291,"column":16},"end":{"line":291,"column":97}},"127":{"start":{"line":292,"column":16},"end":{"line":292,"column":51}},"128":{"start":{"line":294,"column":16},"end":{"line":294,"column":30}},"129":{"start":{"line":315,"column":4},"end":{"line":318,"column":10}},"130":{"start":{"line":316,"column":8},"end":{"line":316,"column":59}},"131":{"start":{"line":316,"column":43},"end":{"line":316,"column":59}},"132":{"start":{"line":317,"column":8},"end":{"line":317,"column":20}},"133":{"start":{"line":325,"column":0},"end":{"line":330,"column":2}},"134":{"start":{"line":326,"column":4},"end":{"line":329,"column":6}},"135":{"start":{"line":332,"column":0},"end":{"line":338,"column":3}},"136":{"start":{"line":333,"column":4},"end":{"line":337,"column":5}},"137":{"start":{"line":334,"column":8},"end":{"line":334,"column":45}},"138":{"start":{"line":336,"column":8},"end":{"line":336,"column":22}},"139":{"start":{"line":341,"column":0},"end":{"line":341,"column":24}}},"fnMap":{"0":{"name":"(anonymous_0)","decl":{"start":{"line":51,"column":8},"end":{"line":51,"column":9}},"loc":{"start":{"line":51,"column":34},"end":{"line":54,"column":1}},"line":51},"1":{"name":"(anonymous_1)","decl":{"start":{"line":68,"column":4},"end":{"line":68,"column":5}},"loc":{"start":{"line":68,"column":38},"end":{"line":77,"column":5}},"line":68},"2":{"name":"(anonymous_2)","decl":{"start":{"line":69,"column":43},"end":{"line":69,"column":44}},"loc":{"start":{"line":69,"column":64},"end":{"line":76,"column":9}},"line":69},"3":{"name":"(anonymous_3)","decl":{"start":{"line":80,"column":23},"end":{"line":80,"column":24}},"loc":{"start":{"line":80,"column":43},"end":{"line":82,"column":1}},"line":80},"4":{"name":"(anonymous_4)","decl":{"start":{"line":84,"column":25},"end":{"line":84,"column":26}},"loc":{"start":{"line":84,"column":43},"end":{"line":89,"column":1}},"line":84},"5":{"name":"(anonymous_5)","decl":{"start":{"line":85,"column":27},"end":{"line":85,"column":28}},"loc":{"start":{"line":85,"column":48},"end":{"line":88,"column":5}},"line":85},"6":{"name":"(anonymous_6)","decl":{"start":{"line":93,"column":54},"end":{"line":93,"column":55}},"loc":{"start":{"line":93,"column":68},"end":{"line":98,"column":1}},"line":93},"7":{"name":"(anonymous_7)","decl":{"start":{"line":100,"column":55},"end":{"line":100,"column":56}},"loc":{"start":{"line":100,"column":69},"end":{"line":117,"column":1}},"line":100},"8":{"name":"(anonymous_8)","decl":{"start":{"line":120,"column":46},"end":{"line":120,"column":47}},"loc":{"start":{"line":120,"column":60},"end":{"line":124,"column":1}},"line":120},"9":{"name":"(anonymous_9)","decl":{"start":{"line":131,"column":52},"end":{"line":131,"column":53}},"loc":{"start":{"line":131,"column":66},"end":{"line":135,"column":1}},"line":131},"10":{"name":"(anonymous_10)","decl":{"start":{"line":137,"column":53},"end":{"line":137,"column":54}},"loc":{"start":{"line":137,"column":67},"end":{"line":174,"column":1}},"line":137},"11":{"name":"(anonymous_11)","decl":{"start":{"line":177,"column":48},"end":{"line":177,"column":49}},"loc":{"start":{"line":177,"column":62},"end":{"line":204,"column":1}},"line":177},"12":{"name":"(anonymous_12)","decl":{"start":{"line":207,"column":48},"end":{"line":207,"column":49}},"loc":{"start":{"line":207,"column":62},"end":{"line":234,"column":1}},"line":207},"13":{"name":"(anonymous_13)","decl":{"start":{"line":238,"column":22},"end":{"line":238,"column":23}},"loc":{"start":{"line":238,"column":36},"end":{"line":240,"column":1}},"line":238},"14":{"name":"(anonymous_14)","decl":{"start":{"line":259,"column":20},"end":{"line":259,"column":21}},"loc":{"start":{"line":259,"column":30},"end":{"line":310,"column":1}},"line":259},"15":{"name":"(anonymous_15)","decl":{"start":{"line":260,"column":26},"end":{"line":260,"column":27}},"loc":{"start":{"line":260,"column":42},"end":{"line":268,"column":5}},"line":260},"16":{"name":"(anonymous_16)","decl":{"start":{"line":269,"column":35},"end":{"line":269,"column":36}},"loc":{"start":{"line":269,"column":76},"end":{"line":287,"column":5}},"line":269},"17":{"name":"(anonymous_17)","decl":{"start":{"line":288,"column":28},"end":{"line":288,"column":29}},"loc":{"start":{"line":288,"column":34},"end":{"line":297,"column":5}},"line":288},"18":{"name":"(anonymous_18)","decl":{"start":{"line":289,"column":37},"end":{"line":289,"column":38}},"loc":{"start":{"line":289,"column":45},"end":{"line":296,"column":9}},"line":289},"19":{"name":"getUserRooms","decl":{"start":{"line":314,"column":9},"end":{"line":314,"column":21}},"loc":{"start":{"line":314,"column":30},"end":{"line":319,"column":1}},"line":314},"20":{"name":"(anonymous_20)","decl":{"start":{"line":315,"column":40},"end":{"line":315,"column":41}},"loc":{"start":{"line":315,"column":65},"end":{"line":318,"column":5}},"line":315},"21":{"name":"(anonymous_21)","decl":{"start":{"line":325,"column":13},"end":{"line":325,"column":14}},"loc":{"start":{"line":325,"column":27},"end":{"line":330,"column":1}},"line":325},"22":{"name":"(anonymous_22)","decl":{"start":{"line":332,"column":17},"end":{"line":332,"column":18}},"loc":{"start":{"line":332,"column":31},"end":{"line":338,"column":1}},"line":332}},"branchMap":{"0":{"loc":{"start":{"line":70,"column":12},"end":{"line":70,"column":40}},"type":"if","locations":[{"start":{"line":70,"column":12},"end":{"line":70,"column":40}},{"start":{"line":70,"column":12},"end":{"line":70,"column":40}}],"line":70},"1":{"loc":{"start":{"line":71,"column":12},"end":{"line":71,"column":50}},"type":"if","locations":[{"start":{"line":71,"column":12},"end":{"line":71,"column":50}},{"start":{"line":71,"column":12},"end":{"line":71,"column":50}}],"line":71},"2":{"loc":{"start":{"line":74,"column":12},"end":{"line":74,"column":70}},"type":"if","locations":[{"start":{"line":74,"column":12},"end":{"line":74,"column":70}},{"start":{"line":74,"column":12},"end":{"line":74,"column":70}}],"line":74},"3":{"loc":{"start":{"line":86,"column":8},"end":{"line":86,"column":36}},"type":"if","locations":[{"start":{"line":86,"column":8},"end":{"line":86,"column":36}},{"start":{"line":86,"column":8},"end":{"line":86,"column":36}}],"line":86},"4":{"loc":{"start":{"line":141,"column":8},"end":{"line":166,"column":9}},"type":"if","locations":[{"start":{"line":141,"column":8},"end":{"line":166,"column":9}},{"start":{"line":141,"column":8},"end":{"line":166,"column":9}}],"line":141},"5":{"loc":{"start":{"line":179,"column":4},"end":{"line":181,"column":5}},"type":"if","locations":[{"start":{"line":179,"column":4},"end":{"line":181,"column":5}},{"start":{"line":179,"column":4},"end":{"line":181,"column":5}}],"line":179},"6":{"loc":{"start":{"line":208,"column":4},"end":{"line":211,"column":5}},"type":"if","locations":[{"start":{"line":208,"column":4},"end":{"line":211,"column":5}},{"start":{"line":208,"column":4},"end":{"line":211,"column":5}}],"line":208},"7":{"loc":{"start":{"line":220,"column":4},"end":{"line":226,"column":5}},"type":"if","locations":[{"start":{"line":220,"column":4},"end":{"line":226,"column":5}},{"start":{"line":220,"column":4},"end":{"line":226,"column":5}}],"line":220},"8":{"loc":{"start":{"line":316,"column":8},"end":{"line":316,"column":59}},"type":"if","locations":[{"start":{"line":316,"column":8},"end":{"line":316,"column":59}},{"start":{"line":316,"column":8},"end":{"line":316,"column":59}}],"line":316}},"s":{"0":1,"1":1,"2":1,"3":1,"4":1,"5":1,"6":1,"7":1,"8":1,"9":1,"10":1,"11":1,"12":1,"13":1,"14":1,"15":1,"16":1,"17":1,"18":1,"19":1,"20":1,"21":1,"22":1,"23":1,"24":1,"25":1,"26":1,"27":1,"28":1,"29":1,"30":1,"31":0,"32":0,"33":1,"34":1,"35":1,"36":1,"37":1,"38":0,"39":0,"40":0,"41":0,"42":0,"43":0,"44":0,"45":0,"46":1,"47":0,"48":1,"49":0,"50":0,"51":0,"52":0,"53":1,"54":0,"55":1,"56":0,"57":0,"58":0,"59":0,"60":0,"61":0,"62":0,"63":0,"64":1,"65":0,"66":1,"67":1,"68":0,"69":0,"70":1,"71":0,"72":0,"73":0,"74":0,"75":0,"76":0,"77":0,"78":0,"79":0,"80":0,"81":0,"82":0,"83":0,"84":1,"85":0,"86":0,"87":0,"88":0,"89":0,"90":0,"91":0,"92":1,"93":0,"94":0,"95":0,"96":0,"97":0,"98":0,"99":0,"100":0,"101":0,"102":0,"103":0,"104":0,"105":0,"106":1,"107":0,"108":1,"109":0,"110":0,"111":0,"112":0,"113":0,"114":0,"115":0,"116":0,"117":0,"118":0,"119":0,"120":0,"121":0,"122":0,"123":0,"124":0,"125":0,"126":0,"127":0,"128":0,"129":0,"130":0,"131":0,"132":0,"133":1,"134":0,"135":1,"136":0,"137":0,"138":0,"139":1},"f":{"0":0,"1":0,"2":0,"3":0,"4":0,"5":0,"6":0,"7":0,"8":0,"9":0,"10":0,"11":0,"12":0,"13":0,"14":0,"15":0,"16":0,"17":0,"18":0,"19":0,"20":0,"21":0,"22":0},"b":{"0":[0,0],"1":[0,0],"2":[0,0],"3":[0,0],"4":[0,0],"5":[0,0],"6":[0,0],"7":[0,0],"8":[0,0]},"_coverageSchema":"1a1c01bbd47fc00a2c39e90264f33305004495a9","hash":"7bc273c4292762572820cf60f13f30154f273b03"}
,"/mnt/c/uni/git/recommender/src/functions.js": {"path":"/mnt/c/uni/git/recommender/src/functions.js","statementMap":{"0":{"start":{"line":1,"column":11},"end":{"line":1,"column":35}},"1":{"start":{"line":2,"column":19},"end":{"line":2,"column":37}},"2":{"start":{"line":3,"column":11},"end":{"line":3,"column":24}},"3":{"start":{"line":4,"column":13},"end":{"line":4,"column":28}},"4":{"start":{"line":6,"column":25},"end":{"line":6,"column":45}},"5":{"start":{"line":7,"column":27},"end":{"line":7,"column":38}},"6":{"start":{"line":11,"column":4},"end":{"line":18,"column":5}},"7":{"start":{"line":12,"column":18},"end":{"line":12,"column":39}},"8":{"start":{"line":13,"column":35},"end":{"line":13,"column":78}},"9":{"start":{"line":14,"column":8},"end":{"line":14,"column":32}},"10":{"start":{"line":16,"column":8},"end":{"line":16,"column":59}},"11":{"start":{"line":17,"column":8},"end":{"line":17,"column":20}},"12":{"start":{"line":23,"column":4},"end":{"line":28,"column":5}},"13":{"start":{"line":24,"column":19},"end":{"line":24,"column":35}},"14":{"start":{"line":25,"column":8},"end":{"line":25,"column":19}},"15":{"start":{"line":27,"column":8},"end":{"line":27,"column":57}},"16":{"start":{"line":29,"column":4},"end":{"line":29,"column":16}},"17":{"start":{"line":34,"column":18},"end":{"line":34,"column":43}},"18":{"start":{"line":35,"column":19},"end":{"line":35,"column":39}},"19":{"start":{"line":37,"column":4},"end":{"line":39,"column":5}},"20":{"start":{"line":38,"column":8},"end":{"line":38,"column":22}},"21":{"start":{"line":40,"column":4},"end":{"line":40,"column":16}},"22":{"start":{"line":45,"column":4},"end":{"line":63,"column":5}},"23":{"start":{"line":46,"column":21},"end":{"line":46,"column":46}},"24":{"start":{"line":48,"column":20},"end":{"line":48,"column":47}},"25":{"start":{"line":50,"column":8},"end":{"line":60,"column":9}},"26":{"start":{"line":50,"column":21},"end":{"line":50,"column":22}},"27":{"start":{"line":51,"column":12},"end":{"line":59,"column":13}},"28":{"start":{"line":52,"column":16},"end":{"line":54,"column":17}},"29":{"start":{"line":53,"column":20},"end":{"line":53,"column":35}},"30":{"start":{"line":55,"column":19},"end":{"line":59,"column":13}},"31":{"start":{"line":56,"column":16},"end":{"line":58,"column":17}},"32":{"start":{"line":57,"column":20},"end":{"line":57,"column":35}},"33":{"start":{"line":62,"column":8},"end":{"line":62,"column":24}},"34":{"start":{"line":64,"column":4},"end":{"line":64,"column":16}},"35":{"start":{"line":69,"column":4},"end":{"line":80,"column":5}},"36":{"start":{"line":70,"column":21},"end":{"line":70,"column":48}},"37":{"start":{"line":71,"column":20},"end":{"line":71,"column":36}},"38":{"start":{"line":72,"column":8},"end":{"line":77,"column":9}},"39":{"start":{"line":72,"column":21},"end":{"line":72,"column":22}},"40":{"start":{"line":73,"column":29},"end":{"line":73,"column":51}},"41":{"start":{"line":74,"column":12},"end":{"line":76,"column":13}},"42":{"start":{"line":75,"column":16},"end":{"line":75,"column":27}},"43":{"start":{"line":79,"column":8},"end":{"line":79,"column":24}},"44":{"start":{"line":81,"column":4},"end":{"line":81,"column":16}},"45":{"start":{"line":86,"column":17},"end":{"line":86,"column":46}},"46":{"start":{"line":87,"column":4},"end":{"line":87,"column":16}},"47":{"start":{"line":92,"column":15},"end":{"line":92,"column":40}},"48":{"start":{"line":93,"column":16},"end":{"line":93,"column":32}},"49":{"start":{"line":95,"column":4},"end":{"line":95,"column":37}},"50":{"start":{"line":109,"column":4},"end":{"line":129,"column":5}},"51":{"start":{"line":110,"column":22},"end":{"line":115,"column":9}},"52":{"start":{"line":117,"column":24},"end":{"line":117,"column":66}},"53":{"start":{"line":118,"column":20},"end":{"line":118,"column":41}},"54":{"start":{"line":120,"column":8},"end":{"line":120,"column":27}},"55":{"start":{"line":122,"column":8},"end":{"line":122,"column":50}},"56":{"start":{"line":124,"column":8},"end":{"line":124,"column":62}},"57":{"start":{"line":125,"column":8},"end":{"line":125,"column":19}},"58":{"start":{"line":127,"column":8},"end":{"line":127,"column":78}},"59":{"start":{"line":128,"column":8},"end":{"line":128,"column":20}},"60":{"start":{"line":133,"column":4},"end":{"line":135,"column":5}},"61":{"start":{"line":134,"column":8},"end":{"line":134,"column":20}},"62":{"start":{"line":136,"column":4},"end":{"line":140,"column":5}},"63":{"start":{"line":136,"column":17},"end":{"line":136,"column":18}},"64":{"start":{"line":137,"column":8},"end":{"line":139,"column":9}},"65":{"start":{"line":138,"column":12},"end":{"line":138,"column":24}},"66":{"start":{"line":141,"column":4},"end":{"line":151,"column":5}},"67":{"start":{"line":142,"column":23},"end":{"line":142,"column":238}},"68":{"start":{"line":144,"column":8},"end":{"line":146,"column":11}},"69":{"start":{"line":145,"column":12},"end":{"line":145,"column":31}},"70":{"start":{"line":145,"column":21},"end":{"line":145,"column":31}},"71":{"start":{"line":147,"column":8},"end":{"line":147,"column":19}},"72":{"start":{"line":149,"column":8},"end":{"line":149,"column":73}},"73":{"start":{"line":150,"column":8},"end":{"line":150,"column":20}},"74":{"start":{"line":160,"column":4},"end":{"line":167,"column":6}},"75":{"start":{"line":161,"column":19},"end":{"line":161,"column":44}},"76":{"start":{"line":162,"column":8},"end":{"line":166,"column":9}},"77":{"start":{"line":163,"column":12},"end":{"line":163,"column":26}},"78":{"start":{"line":165,"column":12},"end":{"line":165,"column":60}},"79":{"start":{"line":172,"column":4},"end":{"line":178,"column":6}},"80":{"start":{"line":173,"column":19},"end":{"line":173,"column":50}},"81":{"start":{"line":174,"column":8},"end":{"line":176,"column":9}},"82":{"start":{"line":175,"column":12},"end":{"line":175,"column":33}},"83":{"start":{"line":177,"column":8},"end":{"line":177,"column":29}},"84":{"start":{"line":184,"column":4},"end":{"line":186,"column":5}},"85":{"start":{"line":185,"column":8},"end":{"line":185,"column":21}},"86":{"start":{"line":188,"column":4},"end":{"line":188,"column":21}},"87":{"start":{"line":192,"column":4},"end":{"line":194,"column":5}},"88":{"start":{"line":193,"column":8},"end":{"line":193,"column":42}},"89":{"start":{"line":195,"column":4},"end":{"line":195,"column":10}},"90":{"start":{"line":200,"column":25},"end":{"line":200,"column":62}},"91":{"start":{"line":201,"column":31},"end":{"line":201,"column":57}},"92":{"start":{"line":203,"column":4},"end":{"line":208,"column":5}},"93":{"start":{"line":203,"column":17},"end":{"line":203,"column":18}},"94":{"start":{"line":204,"column":8},"end":{"line":207,"column":9}},"95":{"start":{"line":206,"column":12},"end":{"line":206,"column":45}},"96":{"start":{"line":209,"column":4},"end":{"line":209,"column":16}},"97":{"start":{"line":215,"column":25},"end":{"line":215,"column":62}},"98":{"start":{"line":216,"column":31},"end":{"line":216,"column":57}},"99":{"start":{"line":218,"column":4},"end":{"line":227,"column":5}},"100":{"start":{"line":218,"column":17},"end":{"line":218,"column":18}},"101":{"start":{"line":219,"column":8},"end":{"line":226,"column":9}},"102":{"start":{"line":220,"column":33},"end":{"line":224,"column":13}},"103":{"start":{"line":225,"column":12},"end":{"line":225,"column":33}},"104":{"start":{"line":229,"column":4},"end":{"line":229,"column":16}},"105":{"start":{"line":234,"column":15},"end":{"line":234,"column":54}},"106":{"start":{"line":235,"column":16},"end":{"line":235,"column":32}},"107":{"start":{"line":237,"column":4},"end":{"line":237,"column":16}},"108":{"start":{"line":242,"column":15},"end":{"line":246,"column":5}},"109":{"start":{"line":248,"column":25},"end":{"line":248,"column":62}},"110":{"start":{"line":249,"column":31},"end":{"line":249,"column":57}},"111":{"start":{"line":250,"column":4},"end":{"line":250,"column":35}},"112":{"start":{"line":252,"column":4},"end":{"line":252,"column":61}},"113":{"start":{"line":256,"column":4},"end":{"line":256,"column":70}},"114":{"start":{"line":257,"column":4},"end":{"line":257,"column":35}},"115":{"start":{"line":262,"column":4},"end":{"line":301,"column":5}},"116":{"start":{"line":264,"column":19},"end":{"line":264,"column":58}},"117":{"start":{"line":265,"column":8},"end":{"line":265,"column":34}},"118":{"start":{"line":267,"column":8},"end":{"line":270,"column":9}},"119":{"start":{"line":272,"column":8},"end":{"line":272,"column":39}},"120":{"start":{"line":274,"column":8},"end":{"line":274,"column":51}},"121":{"start":{"line":275,"column":8},"end":{"line":275,"column":67}},"122":{"start":{"line":277,"column":17},"end":{"line":277,"column":40}},"123":{"start":{"line":281,"column":8},"end":{"line":298,"column":9}},"124":{"start":{"line":282,"column":12},"end":{"line":290,"column":13}},"125":{"start":{"line":292,"column":12},"end":{"line":292,"column":52}},"126":{"start":{"line":293,"column":12},"end":{"line":293,"column":33}},"127":{"start":{"line":294,"column":12},"end":{"line":294,"column":71}},"128":{"start":{"line":297,"column":12},"end":{"line":297,"column":85}},"129":{"start":{"line":305,"column":25},"end":{"line":305,"column":62}},"130":{"start":{"line":306,"column":31},"end":{"line":306,"column":57}},"131":{"start":{"line":308,"column":28},"end":{"line":308,"column":30}},"132":{"start":{"line":312,"column":4},"end":{"line":328,"column":5}},"133":{"start":{"line":312,"column":17},"end":{"line":312,"column":18}},"134":{"start":{"line":313,"column":8},"end":{"line":327,"column":9}},"135":{"start":{"line":314,"column":26},"end":{"line":317,"column":13}},"136":{"start":{"line":319,"column":12},"end":{"line":319,"column":43}},"137":{"start":{"line":320,"column":15},"end":{"line":327,"column":9}},"138":{"start":{"line":321,"column":26},"end":{"line":324,"column":13}},"139":{"start":{"line":326,"column":12},"end":{"line":326,"column":43}},"140":{"start":{"line":329,"column":4},"end":{"line":329,"column":28}},"141":{"start":{"line":335,"column":4},"end":{"line":335,"column":33}},"142":{"start":{"line":339,"column":0},"end":{"line":360,"column":1}}},"fnMap":{"0":{"name":"sendConsoleCommand","decl":{"start":{"line":10,"column":9},"end":{"line":10,"column":27}},"loc":{"start":{"line":10,"column":53},"end":{"line":19,"column":1}},"line":10},"1":{"name":"textToJSON","decl":{"start":{"line":22,"column":9},"end":{"line":22,"column":19}},"loc":{"start":{"line":22,"column":26},"end":{"line":30,"column":1}},"line":22},"2":{"name":"getUserCheck","decl":{"start":{"line":33,"column":9},"end":{"line":33,"column":21}},"loc":{"start":{"line":33,"column":26},"end":{"line":41,"column":1}},"line":33},"3":{"name":"getUserAccounts","decl":{"start":{"line":44,"column":9},"end":{"line":44,"column":24}},"loc":{"start":{"line":44,"column":39},"end":{"line":65,"column":1}},"line":44},"4":{"name":"accountInfoCheck","decl":{"start":{"line":68,"column":9},"end":{"line":68,"column":25}},"loc":{"start":{"line":68,"column":30},"end":{"line":82,"column":1}},"line":68},"5":{"name":"getData","decl":{"start":{"line":85,"column":9},"end":{"line":85,"column":16}},"loc":{"start":{"line":85,"column":23},"end":{"line":88,"column":1}},"line":85},"6":{"name":"getLastUserId","decl":{"start":{"line":91,"column":9},"end":{"line":91,"column":22}},"loc":{"start":{"line":91,"column":25},"end":{"line":96,"column":1}},"line":91},"7":{"name":"addUser","decl":{"start":{"line":107,"column":9},"end":{"line":107,"column":16}},"loc":{"start":{"line":107,"column":56},"end":{"line":130,"column":1}},"line":107},"8":{"name":"createAccInfo","decl":{"start":{"line":132,"column":9},"end":{"line":132,"column":22}},"loc":{"start":{"line":132,"column":39},"end":{"line":152,"column":1}},"line":132},"9":{"name":"(anonymous_9)","decl":{"start":{"line":144,"column":52},"end":{"line":144,"column":53}},"loc":{"start":{"line":144,"column":67},"end":{"line":146,"column":9}},"line":144},"10":{"name":"findById","decl":{"start":{"line":158,"column":9},"end":{"line":158,"column":17}},"loc":{"start":{"line":158,"column":26},"end":{"line":168,"column":1}},"line":158},"11":{"name":"(anonymous_11)","decl":{"start":{"line":160,"column":21},"end":{"line":160,"column":22}},"loc":{"start":{"line":160,"column":33},"end":{"line":167,"column":5}},"line":160},"12":{"name":"findByUsername","decl":{"start":{"line":171,"column":9},"end":{"line":171,"column":23}},"loc":{"start":{"line":171,"column":38},"end":{"line":179,"column":1}},"line":171},"13":{"name":"(anonymous_13)","decl":{"start":{"line":172,"column":21},"end":{"line":172,"column":22}},"loc":{"start":{"line":172,"column":33},"end":{"line":178,"column":5}},"line":172},"14":{"name":"checkAuthenticated","decl":{"start":{"line":183,"column":9},"end":{"line":183,"column":27}},"loc":{"start":{"line":183,"column":44},"end":{"line":189,"column":1}},"line":183},"15":{"name":"checkNotAuthenticated","decl":{"start":{"line":191,"column":9},"end":{"line":191,"column":30}},"loc":{"start":{"line":191,"column":47},"end":{"line":196,"column":1}},"line":191},"16":{"name":"checkChat","decl":{"start":{"line":199,"column":9},"end":{"line":199,"column":18}},"loc":{"start":{"line":199,"column":39},"end":{"line":210,"column":1}},"line":199},"17":{"name":"getRoomConnection","decl":{"start":{"line":214,"column":9},"end":{"line":214,"column":26}},"loc":{"start":{"line":214,"column":31},"end":{"line":230,"column":1}},"line":214},"18":{"name":"getChat","decl":{"start":{"line":233,"column":9},"end":{"line":233,"column":16}},"loc":{"start":{"line":233,"column":21},"end":{"line":238,"column":1}},"line":233},"19":{"name":"makeFirstChat","decl":{"start":{"line":240,"column":9},"end":{"line":240,"column":22}},"loc":{"start":{"line":240,"column":37},"end":{"line":258,"column":1}},"line":240},"20":{"name":"saveChat","decl":{"start":{"line":260,"column":9},"end":{"line":260,"column":17}},"loc":{"start":{"line":260,"column":55},"end":{"line":302,"column":1}},"line":260},"21":{"name":"getPersonalUserChats","decl":{"start":{"line":304,"column":9},"end":{"line":304,"column":29}},"loc":{"start":{"line":304,"column":38},"end":{"line":330,"column":1}},"line":304},"22":{"name":"getChatHistory","decl":{"start":{"line":332,"column":9},"end":{"line":332,"column":23}},"loc":{"start":{"line":332,"column":32},"end":{"line":336,"column":1}},"line":332}},"branchMap":{"0":{"loc":{"start":{"line":37,"column":4},"end":{"line":39,"column":5}},"type":"if","locations":[{"start":{"line":37,"column":4},"end":{"line":39,"column":5}},{"start":{"line":37,"column":4},"end":{"line":39,"column":5}}],"line":37},"1":{"loc":{"start":{"line":37,"column":8},"end":{"line":37,"column":27}},"type":"binary-expr","locations":[{"start":{"line":37,"column":8},"end":{"line":37,"column":15}},{"start":{"line":37,"column":19},"end":{"line":37,"column":27}}],"line":37},"2":{"loc":{"start":{"line":51,"column":12},"end":{"line":59,"column":13}},"type":"if","locations":[{"start":{"line":51,"column":12},"end":{"line":59,"column":13}},{"start":{"line":51,"column":12},"end":{"line":59,"column":13}}],"line":51},"3":{"loc":{"start":{"line":52,"column":16},"end":{"line":54,"column":17}},"type":"if","locations":[{"start":{"line":52,"column":16},"end":{"line":54,"column":17}},{"start":{"line":52,"column":16},"end":{"line":54,"column":17}}],"line":52},"4":{"loc":{"start":{"line":55,"column":19},"end":{"line":59,"column":13}},"type":"if","locations":[{"start":{"line":55,"column":19},"end":{"line":59,"column":13}},{"start":{"line":55,"column":19},"end":{"line":59,"column":13}}],"line":55},"5":{"loc":{"start":{"line":56,"column":16},"end":{"line":58,"column":17}},"type":"if","locations":[{"start":{"line":56,"column":16},"end":{"line":58,"column":17}},{"start":{"line":56,"column":16},"end":{"line":58,"column":17}}],"line":56},"6":{"loc":{"start":{"line":74,"column":12},"end":{"line":76,"column":13}},"type":"if","locations":[{"start":{"line":74,"column":12},"end":{"line":76,"column":13}},{"start":{"line":74,"column":12},"end":{"line":76,"column":13}}],"line":74},"7":{"loc":{"start":{"line":133,"column":4},"end":{"line":135,"column":5}},"type":"if","locations":[{"start":{"line":133,"column":4},"end":{"line":135,"column":5}},{"start":{"line":133,"column":4},"end":{"line":135,"column":5}}],"line":133},"8":{"loc":{"start":{"line":133,"column":10},"end":{"line":133,"column":110}},"type":"binary-expr","locations":[{"start":{"line":133,"column":10},"end":{"line":133,"column":35}},{"start":{"line":133,"column":39},"end":{"line":133,"column":57}},{"start":{"line":133,"column":61},"end":{"line":133,"column":81}},{"start":{"line":133,"column":85},"end":{"line":133,"column":110}}],"line":133},"9":{"loc":{"start":{"line":137,"column":8},"end":{"line":139,"column":9}},"type":"if","locations":[{"start":{"line":137,"column":8},"end":{"line":139,"column":9}},{"start":{"line":137,"column":8},"end":{"line":139,"column":9}}],"line":137},"10":{"loc":{"start":{"line":137,"column":14},"end":{"line":137,"column":55}},"type":"binary-expr","locations":[{"start":{"line":137,"column":14},"end":{"line":137,"column":33}},{"start":{"line":137,"column":37},"end":{"line":137,"column":55}}],"line":137},"11":{"loc":{"start":{"line":145,"column":12},"end":{"line":145,"column":31}},"type":"if","locations":[{"start":{"line":145,"column":12},"end":{"line":145,"column":31}},{"start":{"line":145,"column":12},"end":{"line":145,"column":31}}],"line":145},"12":{"loc":{"start":{"line":162,"column":8},"end":{"line":166,"column":9}},"type":"if","locations":[{"start":{"line":162,"column":8},"end":{"line":166,"column":9}},{"start":{"line":162,"column":8},"end":{"line":166,"column":9}}],"line":162},"13":{"loc":{"start":{"line":174,"column":8},"end":{"line":176,"column":9}},"type":"if","locations":[{"start":{"line":174,"column":8},"end":{"line":176,"column":9}},{"start":{"line":174,"column":8},"end":{"line":176,"column":9}}],"line":174},"14":{"loc":{"start":{"line":184,"column":4},"end":{"line":186,"column":5}},"type":"if","locations":[{"start":{"line":184,"column":4},"end":{"line":186,"column":5}},{"start":{"line":184,"column":4},"end":{"line":186,"column":5}}],"line":184},"15":{"loc":{"start":{"line":192,"column":4},"end":{"line":194,"column":5}},"type":"if","locations":[{"start":{"line":192,"column":4},"end":{"line":194,"column":5}},{"start":{"line":192,"column":4},"end":{"line":194,"column":5}}],"line":192},"16":{"loc":{"start":{"line":204,"column":8},"end":{"line":207,"column":9}},"type":"if","locations":[{"start":{"line":204,"column":8},"end":{"line":207,"column":9}},{"start":{"line":204,"column":8},"end":{"line":207,"column":9}}],"line":204},"17":{"loc":{"start":{"line":204,"column":12},"end":{"line":205,"column":104}},"type":"binary-expr","locations":[{"start":{"line":204,"column":12},"end":{"line":204,"column":56}},{"start":{"line":204,"column":60},"end":{"line":204,"column":104}},{"start":{"line":205,"column":12},"end":{"line":205,"column":56}},{"start":{"line":205,"column":60},"end":{"line":205,"column":104}}],"line":204},"18":{"loc":{"start":{"line":219,"column":8},"end":{"line":226,"column":9}},"type":"if","locations":[{"start":{"line":219,"column":8},"end":{"line":226,"column":9}},{"start":{"line":219,"column":8},"end":{"line":226,"column":9}}],"line":219},"19":{"loc":{"start":{"line":281,"column":8},"end":{"line":298,"column":9}},"type":"if","locations":[{"start":{"line":281,"column":8},"end":{"line":298,"column":9}},{"start":{"line":281,"column":8},"end":{"line":298,"column":9}}],"line":281},"20":{"loc":{"start":{"line":313,"column":8},"end":{"line":327,"column":9}},"type":"if","locations":[{"start":{"line":313,"column":8},"end":{"line":327,"column":9}},{"start":{"line":313,"column":8},"end":{"line":327,"column":9}}],"line":313},"21":{"loc":{"start":{"line":320,"column":15},"end":{"line":327,"column":9}},"type":"if","locations":[{"start":{"line":320,"column":15},"end":{"line":327,"column":9}},{"start":{"line":320,"column":15},"end":{"line":327,"column":9}}],"line":320}},"s":{"0":1,"1":1,"2":1,"3":1,"4":1,"5":1,"6":0,"7":0,"8":0,"9":0,"10":0,"11":0,"12":28,"13":28,"14":28,"15":0,"16":0,"17":6,"18":6,"19":6,"20":4,"21":2,"22":12,"23":12,"24":12,"25":12,"26":12,"27":317,"28":317,"29":10,"30":0,"31":0,"32":0,"33":0,"34":2,"35":12,"36":12,"37":12,"38":12,"39":12,"40":319,"41":319,"42":8,"43":0,"44":4,"45":36,"46":36,"47":10,"48":10,"49":10,"50":6,"51":6,"52":6,"53":6,"54":6,"55":6,"56":6,"57":6,"58":0,"59":0,"60":6,"61":4,"62":2,"63":2,"64":18,"65":0,"66":2,"67":2,"68":2,"69":0,"70":0,"71":2,"72":0,"73":0,"74":0,"75":0,"76":0,"77":0,"78":0,"79":0,"80":0,"81":0,"82":0,"83":0,"84":0,"85":0,"86":0,"87":0,"88":0,"89":0,"90":0,"91":0,"92":0,"93":0,"94":0,"95":0,"96":0,"97":0,"98":0,"99":0,"100":0,"101":0,"102":0,"103":0,"104":0,"105":0,"106":0,"107":0,"108":0,"109":0,"110":0,"111":0,"112":0,"113":0,"114":0,"115":0,"116":0,"117":0,"118":0,"119":0,"120":0,"121":0,"122":0,"123":0,"124":0,"125":0,"126":0,"127":0,"128":0,"129":0,"130":0,"131":0,"132":0,"133":0,"134":0,"135":0,"136":0,"137":0,"138":0,"139":0,"140":0,"141":0,"142":1},"f":{"0":0,"1":28,"2":6,"3":12,"4":12,"5":36,"6":10,"7":6,"8":6,"9":0,"10":0,"11":0,"12":0,"13":0,"14":0,"15":0,"16":0,"17":0,"18":0,"19":0,"20":0,"21":0,"22":0},"b":{"0":[4,2],"1":[6,4],"2":[317,0],"3":[10,307],"4":[0,0],"5":[0,0],"6":[8,311],"7":[4,2],"8":[6,6,6,2],"9":[0,18],"10":[18,18],"11":[0,0],"12":[0,0],"13":[0,0],"14":[0,0],"15":[0,0],"16":[0,0],"17":[0,0,0,0],"18":[0,0],"19":[0,0],"20":[0,0],"21":[0,0]},"_coverageSchema":"1a1c01bbd47fc00a2c39e90264f33305004495a9","hash":"2791a1b4bfb0524cd9862defa512ff60a19d2aa4"}
}
