TN:
SF:src/app.js
FN:51,(anonymous_0)
FN:68,(anonymous_1)
FN:69,(anonymous_2)
FN:80,(anonymous_3)
FN:84,(anonymous_4)
FN:85,(anonymous_5)
FN:93,(anonymous_6)
FN:100,(anonymous_7)
FN:120,(anonymous_8)
FN:131,(anonymous_9)
FN:137,(anonymous_10)
FN:177,(anonymous_11)
FN:207,(anonymous_12)
FN:238,(anonymous_13)
FN:259,(anonymous_14)
FN:260,(anonymous_15)
FN:269,(anonymous_16)
FN:288,(anonymous_17)
FN:289,(anonymous_18)
FN:314,getUserRooms
FN:315,(anonymous_20)
FN:325,(anonymous_21)
FN:332,(anonymous_22)
FNF:23
FNH:0
FNDA:0,(anonymous_0)
FNDA:0,(anonymous_1)
FNDA:0,(anonymous_2)
FNDA:0,(anonymous_3)
FNDA:0,(anonymous_4)
FNDA:0,(anonymous_5)
FNDA:0,(anonymous_6)
FNDA:0,(anonymous_7)
FNDA:0,(anonymous_8)
FNDA:0,(anonymous_9)
FNDA:0,(anonymous_10)
FNDA:0,(anonymous_11)
FNDA:0,(anonymous_12)
FNDA:0,(anonymous_13)
FNDA:0,(anonymous_14)
FNDA:0,(anonymous_15)
FNDA:0,(anonymous_16)
FNDA:0,(anonymous_17)
FNDA:0,(anonymous_18)
FNDA:0,getUserRooms
FNDA:0,(anonymous_20)
FNDA:0,(anonymous_21)
FNDA:0,(anonymous_22)
DA:1,1
DA:2,1
DA:3,1
DA:4,1
DA:5,1
DA:6,1
DA:7,1
DA:8,1
DA:9,1
DA:10,1
DA:11,1
DA:12,1
DA:13,1
DA:14,1
DA:15,1
DA:16,1
DA:18,1
DA:21,1
DA:24,1
DA:25,1
DA:26,1
DA:27,1
DA:30,1
DA:31,1
DA:32,1
DA:34,1
DA:36,1
DA:38,1
DA:40,1
DA:50,1
DA:51,1
DA:52,0
DA:53,0
DA:55,1
DA:57,1
DA:61,1
DA:62,1
DA:67,1
DA:69,0
DA:70,0
DA:71,0
DA:74,0
DA:75,0
DA:80,1
DA:81,0
DA:84,1
DA:85,0
DA:86,0
DA:87,0
DA:93,1
DA:95,0
DA:100,1
DA:101,0
DA:104,0
DA:105,0
DA:107,0
DA:108,0
DA:110,0
DA:112,0
DA:113,0
DA:120,1
DA:121,0
DA:126,1
DA:131,1
DA:133,0
DA:134,0
DA:137,1
DA:138,0
DA:140,0
DA:141,0
DA:143,0
DA:144,0
DA:145,0
DA:146,0
DA:147,0
DA:149,0
DA:151,0
DA:165,0
DA:168,0
DA:169,0
DA:177,1
DA:179,0
DA:180,0
DA:182,0
DA:183,0
DA:184,0
DA:191,0
DA:192,0
DA:207,1
DA:208,0
DA:210,0
DA:212,0
DA:213,0
DA:218,0
DA:219,0
DA:220,0
DA:221,0
DA:222,0
DA:224,0
DA:225,0
DA:230,0
DA:232,0
DA:238,1
DA:239,0
DA:259,1
DA:260,0
DA:261,0
DA:262,0
DA:263,0
DA:264,0
DA:266,0
DA:269,0
DA:270,0
DA:272,0
DA:273,0
DA:274,0
DA:277,0
DA:279,0
DA:284,0
DA:288,0
DA:289,0
DA:290,0
DA:291,0
DA:292,0
DA:294,0
DA:315,0
DA:316,0
DA:317,0
DA:325,1
DA:326,0
DA:332,1
DA:333,0
DA:334,0
DA:336,0
DA:341,1
LF:135
LH:51
BRDA:70,0,0,0
BRDA:70,0,1,0
BRDA:71,1,0,0
BRDA:71,1,1,0
BRDA:74,2,0,0
BRDA:74,2,1,0
BRDA:86,3,0,0
BRDA:86,3,1,0
BRDA:141,4,0,0
BRDA:141,4,1,0
BRDA:179,5,0,0
BRDA:179,5,1,0
BRDA:208,6,0,0
BRDA:208,6,1,0
BRDA:220,7,0,0
BRDA:220,7,1,0
BRDA:316,8,0,0
BRDA:316,8,1,0
BRF:18
BRH:0
end_of_record
TN:
SF:src/functions.js
FN:10,sendConsoleCommand
FN:22,textToJSON
FN:33,getUserCheck
FN:44,getUserAccounts
FN:68,accountInfoCheck
FN:85,getData
FN:91,getLastUserId
FN:107,addUser
FN:132,createAccInfo
FN:144,(anonymous_9)
FN:158,findById
FN:160,(anonymous_11)
FN:171,findByUsername
FN:172,(anonymous_13)
FN:183,checkAuthenticated
FN:191,checkNotAuthenticated
FN:199,checkChat
FN:214,getRoomConnection
FN:233,getChat
FN:240,makeFirstChat
FN:260,saveChat
FN:304,getPersonalUserChats
FN:332,getChatHistory
FNF:23
FNH:8
FNDA:0,sendConsoleCommand
FNDA:28,textToJSON
FNDA:6,getUserCheck
FNDA:12,getUserAccounts
FNDA:12,accountInfoCheck
FNDA:36,getData
FNDA:10,getLastUserId
FNDA:6,addUser
FNDA:6,createAccInfo
FNDA:0,(anonymous_9)
FNDA:0,findById
FNDA:0,(anonymous_11)
FNDA:0,findByUsername
FNDA:0,(anonymous_13)
FNDA:0,checkAuthenticated
FNDA:0,checkNotAuthenticated
FNDA:0,checkChat
FNDA:0,getRoomConnection
FNDA:0,getChat
FNDA:0,makeFirstChat
FNDA:0,saveChat
FNDA:0,getPersonalUserChats
FNDA:0,getChatHistory
DA:1,1
DA:2,1
DA:3,1
DA:4,1
DA:6,1
DA:7,1
DA:11,0
DA:12,0
DA:13,0
DA:14,0
DA:16,0
DA:17,0
DA:23,28
DA:24,28
DA:25,28
DA:27,0
DA:29,0
DA:34,6
DA:35,6
DA:37,6
DA:38,4
DA:40,2
DA:45,12
DA:46,12
DA:48,12
DA:50,12
DA:51,317
DA:52,317
DA:53,10
DA:55,0
DA:56,0
DA:57,0
DA:62,0
DA:64,2
DA:69,12
DA:70,12
DA:71,12
DA:72,12
DA:73,319
DA:74,319
DA:75,8
DA:79,0
DA:81,4
DA:86,36
DA:87,36
DA:92,10
DA:93,10
DA:95,10
DA:109,6
DA:110,6
DA:117,6
DA:118,6
DA:120,6
DA:122,6
DA:124,6
DA:125,6
DA:127,0
DA:128,0
DA:133,6
DA:134,4
DA:136,2
DA:137,18
DA:138,0
DA:141,2
DA:142,2
DA:144,2
DA:145,0
DA:147,2
DA:149,0
DA:150,0
DA:160,0
DA:161,0
DA:162,0
DA:163,0
DA:165,0
DA:172,0
DA:173,0
DA:174,0
DA:175,0
DA:177,0
DA:184,0
DA:185,0
DA:188,0
DA:192,0
DA:193,0
DA:195,0
DA:200,0
DA:201,0
DA:203,0
DA:204,0
DA:206,0
DA:209,0
DA:215,0
DA:216,0
DA:218,0
DA:219,0
DA:220,0
DA:225,0
DA:229,0
DA:234,0
DA:235,0
DA:237,0
DA:242,0
DA:248,0
DA:249,0
DA:250,0
DA:252,0
DA:256,0
DA:257,0
DA:262,0
DA:264,0
DA:265,0
DA:267,0
DA:272,0
DA:274,0
DA:275,0
DA:277,0
DA:281,0
DA:282,0
DA:292,0
DA:293,0
DA:294,0
DA:297,0
DA:305,0
DA:306,0
DA:308,0
DA:312,0
DA:313,0
DA:314,0
DA:319,0
DA:320,0
DA:321,0
DA:326,0
DA:329,0
DA:335,0
DA:339,1
LF:136
LH:52
BRDA:37,0,0,4
BRDA:37,0,1,2
BRDA:37,1,0,6
BRDA:37,1,1,4
BRDA:51,2,0,317
BRDA:51,2,1,0
BRDA:52,3,0,10
BRDA:52,3,1,307
BRDA:55,4,0,0
BRDA:55,4,1,0
BRDA:56,5,0,0
BRDA:56,5,1,0
BRDA:74,6,0,8
BRDA:74,6,1,311
BRDA:133,7,0,4
BRDA:133,7,1,2
BRDA:133,8,0,6
BRDA:133,8,1,6
BRDA:133,8,2,6
BRDA:133,8,3,2
BRDA:137,9,0,0
BRDA:137,9,1,18
BRDA:137,10,0,18
BRDA:137,10,1,18
BRDA:145,11,0,0
BRDA:145,11,1,0
BRDA:162,12,0,0
BRDA:162,12,1,0
BRDA:174,13,0,0
BRDA:174,13,1,0
BRDA:184,14,0,0
BRDA:184,14,1,0
BRDA:192,15,0,0
BRDA:192,15,1,0
BRDA:204,16,0,0
BRDA:204,16,1,0
BRDA:204,17,0,0
BRDA:204,17,1,0
BRDA:204,17,2,0
BRDA:204,17,3,0
BRDA:219,18,0,0
BRDA:219,18,1,0
BRDA:281,19,0,0
BRDA:281,19,1,0
BRDA:313,20,0,0
BRDA:313,20,1,0
BRDA:320,21,0,0
BRDA:320,21,1,0
BRF:48
BRH:18
end_of_record
